[2025-07-07T07:05:42.928+0000] {local_task_job_runner.py:120} INFO - ::group::Pre task execution logs
[2025-07-07T07:05:42.940+0000] {taskinstance.py:2076} INFO - Dependencies all met for dep_context=non-requeueable deps ti=<TaskInstance: ETL_airflare_data_test.transform manual__2025-07-07T07:03:37.316676+00:00 [queued]>
[2025-07-07T07:05:42.945+0000] {taskinstance.py:2076} INFO - Dependencies all met for dep_context=requeueable deps ti=<TaskInstance: ETL_airflare_data_test.transform manual__2025-07-07T07:03:37.316676+00:00 [queued]>
[2025-07-07T07:05:42.946+0000] {taskinstance.py:2306} INFO - Starting attempt 3 of 3
[2025-07-07T07:05:42.955+0000] {taskinstance.py:2330} INFO - Executing <Task(PythonOperator): transform> on 2025-07-07 07:03:37.316676+00:00
[2025-07-07T07:05:42.962+0000] {warnings.py:112} WARNING - /home/***/.local/lib/python3.12/site-packages/***/task/task_runner/standard_task_runner.py:61: DeprecationWarning: This process (pid=183) is multi-threaded, use of fork() may lead to deadlocks in the child.
  pid = os.fork()

[2025-07-07T07:05:42.963+0000] {standard_task_runner.py:63} INFO - Started process 185 to run task
[2025-07-07T07:05:42.964+0000] {standard_task_runner.py:90} INFO - Running: ['***', 'tasks', 'run', 'ETL_airflare_data_test', 'transform', 'manual__2025-07-07T07:03:37.316676+00:00', '--job-id', '40', '--raw', '--subdir', 'DAGS_FOLDER/Untitled-1.py', '--cfg-path', '/tmp/tmp0585ab6l']
[2025-07-07T07:05:42.966+0000] {standard_task_runner.py:91} INFO - Job 40: Subtask transform
[2025-07-07T07:05:43.015+0000] {task_command.py:426} INFO - Running <TaskInstance: ETL_airflare_data_test.transform manual__2025-07-07T07:03:37.316676+00:00 [running]> on host 27053a17bc95
[2025-07-07T07:05:43.095+0000] {taskinstance.py:2648} INFO - Exporting env vars: AIRFLOW_CTX_DAG_OWNER='***' AIRFLOW_CTX_DAG_ID='ETL_airflare_data_test' AIRFLOW_CTX_TASK_ID='transform' AIRFLOW_CTX_EXECUTION_DATE='2025-07-07T07:03:37.316676+00:00' AIRFLOW_CTX_TRY_NUMBER='3' AIRFLOW_CTX_DAG_RUN_ID='manual__2025-07-07T07:03:37.316676+00:00'
[2025-07-07T07:05:43.096+0000] {taskinstance.py:430} INFO - ::endgroup::
[2025-07-07T07:05:43.108+0000] {taskinstance.py:441} INFO - ::group::Post task execution logs
[2025-07-07T07:05:43.109+0000] {taskinstance.py:2905} ERROR - Task failed with exception
Traceback (most recent call last):
  File "/home/airflow/.local/lib/python3.12/site-packages/airflow/models/taskinstance.py", line 465, in _execute_task
    result = _execute_callable(context=context, **execute_callable_kwargs)
             ^^^^^^^^^^^^^^^^^^^^^^^^^^^^^^^^^^^^^^^^^^^^^^^^^^^^^^^^^^^^^
  File "/home/airflow/.local/lib/python3.12/site-packages/airflow/models/taskinstance.py", line 432, in _execute_callable
    return execute_callable(context=context, **execute_callable_kwargs)
           ^^^^^^^^^^^^^^^^^^^^^^^^^^^^^^^^^^^^^^^^^^^^^^^^^^^^^^^^^^^^
  File "/home/airflow/.local/lib/python3.12/site-packages/airflow/models/baseoperator.py", line 401, in wrapper
    return func(self, *args, **kwargs)
           ^^^^^^^^^^^^^^^^^^^^^^^^^^^
  File "/home/airflow/.local/lib/python3.12/site-packages/airflow/operators/python.py", line 235, in execute
    return_value = self.execute_callable()
                   ^^^^^^^^^^^^^^^^^^^^^^^
  File "/home/airflow/.local/lib/python3.12/site-packages/airflow/operators/python.py", line 252, in execute_callable
    return self.python_callable(*self.op_args, **self.op_kwargs)
           ^^^^^^^^^^^^^^^^^^^^^^^^^^^^^^^^^^^^^^^^^^^^^^^^^^^^^
  File "/opt/airflow/dags/Untitled-1.py", line 68, in transform
    file = context.xcom_pull(key='df_dirty')
           ^^^^^^^^^^^^^^^^^
AttributeError: 'dict' object has no attribute 'xcom_pull'
[2025-07-07T07:05:43.123+0000] {taskinstance.py:1206} INFO - Marking task as FAILED. dag_id=ETL_airflare_data_test, task_id=transform, run_id=manual__2025-07-07T07:03:37.316676+00:00, execution_date=20250707T070337, start_date=20250707T070542, end_date=20250707T070543
[2025-07-07T07:05:43.133+0000] {standard_task_runner.py:110} ERROR - Failed to execute job 40 for task transform ('dict' object has no attribute 'xcom_pull'; 185)
[2025-07-07T07:05:43.177+0000] {local_task_job_runner.py:240} INFO - Task exited with return code 1
[2025-07-07T07:05:43.196+0000] {taskinstance.py:3503} INFO - 0 downstream tasks scheduled from follow-on schedule check
[2025-07-07T07:05:43.199+0000] {local_task_job_runner.py:222} INFO - ::endgroup::
